2	Entering	9
2	Leaving	9
3	Entering	18
3	Leaving	22
1	Entering	26
1	Leaving	26
2	Entering	31
2	Leaving	31
4	Entering	34
4	Leaving	35
3	Entering	38
3	Leaving	39
1	Entering	44
1	Leaving	45
2	Entering	53
2	Leaving	53
4	Entering	57
4	Leaving	58
3	Entering	62
3	Leaving	63
1	Entering	68
1	Leaving	69
2	Entering	74
2	Leaving	74
4	Entering	79
4	Leaving	79
3	Entering	84
3	Leaving	84
1	Entering	88
1	Leaving	88
2	Entering	94
2	Leaving	94
4	Entering	100
4	Leaving	100
3	Entering	106
3	Leaving	106
1	Entering	108
1	Leaving	108
2	Entering	116
2	Leaving	116
0	Entering	122
0	Leaving	122
4	Entering	124
4	Leaving	125
3	Entering	132
3	Leaving	132
1	Entering	135
1	Leaving	136
2	Entering	142
2	Leaving	143
0	Entering	148
0	Leaving	148
4	Entering	152
4	Leaving	152
3	Entering	156
3	Leaving	156
1	Entering	161
1	Leaving	161
2	Entering	165
2	Leaving	166
0	Entering	172
0	Leaving	172
4	Entering	178
4	Leaving	178
3	Entering	183
3	Leaving	183
1	Entering	187
1	Leaving	188
2	Entering	196
2	Leaving	196
0	Entering	202
0	Leaving	202
4	Entering	207
4	Leaving	208
3	Entering	211
3	Leaving	212
1	Entering	219
1	Leaving	219
2	Entering	222
2	Leaving	222
0	Entering	227
0	Leaving	228
4	Entering	234
4	Leaving	234
3	Entering	239
3	Leaving	239
1	Entering	241
1	Leaving	242
2	Entering	247
2	Leaving	248
0	Entering	254
0	Leaving	254
4	Entering	258
4	Leaving	258
3	Entering	265
3	Leaving	265
1	Entering	267
1	Leaving	268
2	Entering	275
2	Leaving	275
0	Entering	281
0	Leaving	281
4	Entering	286
4	Leaving	287
3	Entering	295
3	Leaving	295
1	Entering	300
1	Leaving	300
2	Entering	305
2	Leaving	306
0	Entering	312
0	Leaving	313
4	Entering	319
4	Leaving	319
3	Entering	322
3	Leaving	323
1	Entering	327
1	Leaving	328
2	Entering	333
2	Leaving	334
0	Entering	340
0	Leaving	340
4	Entering	347
4	Leaving	347
3	Entering	352
3	Leaving	352
1	Entering	359
1	Leaving	359
2	Entering	363
2	Leaving	364
0	Entering	368
0	Leaving	369
4	Entering	374
4	Leaving	375
3	Entering	378
3	Leaving	379
1	Entering	383
1	Leaving	384
2	Entering	391
2	Leaving	392
0	Entering	395
0	Leaving	396
4	Entering	403
4	Leaving	403
3	Entering	406
3	Leaving	407
1	Entering	411
1	Leaving	411
2	Entering	419
2	Leaving	419
0	Entering	424
0	Leaving	424
4	Entering	427
4	Leaving	428
3	Entering	432
3	Leaving	432
1	Entering	438
1	Leaving	438
2	Entering	445
2	Leaving	446
0	Entering	451
0	Leaving	451
4	Entering	455
4	Leaving	456
3	Entering	459
3	Leaving	460
1	Entering	464
1	Leaving	464
2	Entering	471
2	Leaving	472
0	Entering	479
0	Leaving	479
4	Entering	483
4	Leaving	484
3	Entering	488
3	Leaving	489
1	Entering	493
1	Leaving	494
2	Entering	501
2	Leaving	501
0	Entering	506
0	Leaving	507
4	Entering	512
4	Leaving	513
3	Entering	517
3	Leaving	517
1	Entering	520
1	Leaving	521
2	Entering	528
2	Leaving	528
0	Entering	532
0	Leaving	534
4	Entering	542
4	Leaving	542
3	Entering	548
3	Leaving	548
1	Entering	552
1	Leaving	552
2	Entering	556
2	Leaving	556
0	Entering	560
0	Leaving	561
4	Entering	569
4	Leaving	569
3	Entering	573
3	Leaving	573
1	Entering	578
1	Leaving	579
2	Entering	585
2	Leaving	585
0	Entering	590
0	Leaving	591
4	Entering	599
4	Leaving	599
3	Entering	603
3	Leaving	603
1	Entering	605
1	Leaving	606
2	Entering	611
2	Leaving	612
0	Entering	621
0	Leaving	621
4	Entering	624
4	Leaving	625
3	Entering	631
3	Leaving	631
1	Entering	633
1	Leaving	634
2	Entering	640
2	Leaving	640
0	Entering	645
0	Leaving	646
4	Entering	653
4	Leaving	653
3	Entering	656
3	Leaving	657
1	Entering	665
1	Leaving	665
2	Entering	669
2	Leaving	670
0	Entering	678
0	Leaving	678
4	Entering	681
4	Leaving	682
3	Entering	685
3	Leaving	686
1	Entering	691
1	Leaving	692
2	Entering	698
2	Leaving	699
0	Entering	702
0	Leaving	704
4	Entering	709
4	Leaving	710
3	Entering	713
3	Leaving	714
1	Entering	719
1	Leaving	720
2	Entering	726
2	Leaving	727
0	Entering	733
0	Leaving	734
4	Entering	741
4	Leaving	741
3	Entering	745
3	Leaving	745
1	Entering	750
1	Leaving	751
2	Entering	755
2	Leaving	756
0	Entering	762
0	Leaving	763
4	Entering	771
4	Leaving	771
3	Entering	774
3	Leaving	774
1	Entering	780
1	Leaving	780
2	Entering	785
2	Leaving	786
0	Entering	791
0	Leaving	792
4	Entering	797
4	Leaving	798
3	Entering	806
3	Leaving	806
1	Entering	808
1	Leaving	809
2	Entering	816
2	Leaving	816
0	Entering	821
0	Leaving	821
4	Entering	827
4	Leaving	828
3	Entering	833
3	Leaving	834
1	Entering	839
1	Leaving	840
2	Entering	846
2	Leaving	846
0	Entering	850
0	Leaving	850
4	Entering	857
4	Leaving	857
3	Entering	861
3	Leaving	862
1	Entering	866
1	Leaving	866
2	Entering	872
2	Leaving	872
0	Entering	878
0	Leaving	878
4	Entering	883
4	Leaving	884
3	Entering	890
3	Leaving	890
1	Entering	893
1	Leaving	894
2	Entering	900
2	Leaving	901
0	Entering	907
0	Leaving	907
4	Entering	912
4	Leaving	913
3	Entering	919
3	Leaving	920
1	Entering	923
1	Leaving	924
2	Entering	929
2	Leaving	930
0	Entering	935
0	Leaving	936
4	Entering	941
4	Leaving	941
1	Entering	944
1	Leaving	945
3	Entering	948
3	Leaving	949
2	Entering	956
2	Leaving	956
0	Entering	960
0	Leaving	962
4	Entering	967
4	Leaving	967
1	Entering	969
1	Leaving	970
3	Entering	974
3	Leaving	975
2	Entering	979
2	Leaving	980
0	Entering	988
0	Leaving	988
4	Entering	995
4	Leaving	995
1	Entering	998
1	Leaving	999
3	Entering	1006
3	Leaving	1006
2	Entering	1009
2	Leaving	1010
0	Entering	1016
0	Leaving	1017
4	Entering	1025
4	Leaving	1025
1	Entering	1028
1	Leaving	1029
3	Entering	1034
3	Leaving	1034
2	Entering	1036
2	Leaving	1037
0	Entering	1042
0	Leaving	1042
4	Entering	1048
4	Leaving	1048
1	Entering	1053
1	Leaving	1053
3	Entering	1059
3	Leaving	1059
2	Entering	1062
2	Leaving	1063
0	Entering	1068
0	Leaving	1069
4	Entering	1073
4	Leaving	1074
1	Entering	1082
1	Leaving	1082
3	Entering	1085
3	Leaving	1085
2	Entering	1090
2	Leaving	1091
0	Entering	1094
0	Leaving	1096
4	Entering	1102
4	Leaving	1102
1	Entering	1104
1	Leaving	1105
3	Entering	1112
3	Leaving	1112
2	Entering	1117
2	Leaving	1117
0	Entering	1121
0	Leaving	1121
4	Entering	1127
4	Leaving	1127
1	Entering	1132
1	Leaving	1132
3	Entering	1137
3	Leaving	1137
2	Entering	1142
2	Leaving	1143
0	Entering	1148
0	Leaving	1149
4	Entering	1156
4	Leaving	1156
1	Entering	1160
1	Leaving	1161
3	Entering	1168
3	Leaving	1168
2	Entering	1174
2	Leaving	1174
0	Entering	1176
0	Leaving	1177
4	Entering	1184
4	Leaving	1184
1	Entering	1187
1	Leaving	1188
3	Entering	1194
3	Leaving	1194
2	Entering	1199
2	Leaving	1200
0	Entering	1203
0	Leaving	1204
4	Entering	1212
4	Leaving	1212
1	Entering	1215
1	Leaving	1215
3	Entering	1218
3	Leaving	1219
2	Entering	1228
2	Leaving	1228
0	Entering	1231
0	Leaving	1233
4	Entering	1237
4	Leaving	1238
1	Entering	1244
1	Leaving	1244
3	Entering	1249
3	Leaving	1249
2	Entering	1254
2	Leaving	1255
0	Entering	1261
0	Leaving	1261
4	Entering	1269
4	Leaving	1269
1	Entering	1273
1	Leaving	1274
3	Entering	1281
3	Leaving	1281
2	Entering	1287
2	Leaving	1287
0	Entering	1294
0	Leaving	1294
4	Entering	1299
4	Leaving	1299
1	Entering	1306
1	Leaving	1306
3	Entering	1312
3	Leaving	1312
2	Entering	1318
2	Leaving	1318
0	Entering	1322
0	Leaving	1323
4	Entering	1331
4	Leaving	1331
1	Entering	1334
1	Leaving	1335
3	Entering	1341
3	Leaving	1342
2	Entering	1345
2	Leaving	1346
0	Entering	1350
0	Leaving	1351
4	Entering	1361
4	Leaving	1362
1	Entering	1372
1	Leaving	1374
3	Entering	1380
3	Leaving	1384
0	Entering	1389
0	Leaving	1394
4	Entering	1403
4	Leaving	1405
0	Entering	1419
0	Leaving	1423
0	Entering	1452
0	Leaving	1457
0	Entering	1480
0	Leaving	1485
0	Entering	1513
0	Leaving	1520
